{
  "stats": {
    "suites": 1,
    "tests": 2,
    "passes": 1,
    "pending": 0,
    "failures": 1,
    "start": "2025-07-16T20:40:52.446Z",
    "end": "2025-07-16T20:41:00.521Z",
    "duration": 8075,
    "testsRegistered": 2,
    "passPercent": 50,
    "pendingPercent": 0,
    "other": 0,
    "hasOther": false,
    "skipped": 0,
    "hasSkipped": false
  },
  "results": [
    {
      "uuid": "2d39042a-3a79-49af-b74b-a7edf2a1fc4f",
      "title": "",
      "fullFile": "cypress\\e2e\\profile\\profileAuth.cy.js",
      "file": "cypress\\e2e\\profile\\profileAuth.cy.js",
      "beforeHooks": [],
      "afterHooks": [],
      "tests": [],
      "suites": [
        {
          "uuid": "bf743875-3120-4b5a-9ebd-bbaf0344c1e9",
          "title": "Profile auth guard",
          "fullFile": "",
          "file": "",
          "beforeHooks": [],
          "afterHooks": [],
          "tests": [
            {
              "title": "redirects unauthenticated user to login",
              "fullTitle": "Profile auth guard redirects unauthenticated user to login",
              "timedOut": null,
              "duration": 5883,
              "state": "failed",
              "speed": null,
              "pass": false,
              "fail": true,
              "pending": false,
              "context": null,
              "code": "cy.window().then(win => {\n  win.localStorage.removeItem('ccUser');\n});\ncy.visit('/profile');\ncy.location('pathname', {\n  timeout: 5000\n}).should('eq', '/login');",
              "err": {
                "message": "AssertionError: Timed out retrying after 5000ms: expected '/profile' to equal '/login'",
                "estack": "AssertionError: Timed out retrying after 5000ms: expected '/profile' to equal '/login'\n    at Context.eval (webpack://cleancity-waste-scheduler/./cypress/e2e/profile/profileAuth.cy.js:7:47)",
                "diff": "- '/profile'\n+ '/login'\n"
              },
              "uuid": "2c04edd6-cd3c-4e97-a8f8-9a01222167a9",
              "parentUUID": "bf743875-3120-4b5a-9ebd-bbaf0344c1e9",
              "isHook": false,
              "skipped": false
            },
            {
              "title": "shows profile info after loginAsUser helper",
              "fullTitle": "Profile auth guard shows profile info after loginAsUser helper",
              "timedOut": null,
              "duration": 323,
              "state": "passed",
              "speed": "fast",
              "pass": true,
              "fail": false,
              "pending": false,
              "context": null,
              "code": "cy.loginAsUser();\ncy.visit('/profile');\ncy.contains('Demo User').should('exist');",
              "err": {},
              "uuid": "b779795d-f2c7-4e0d-9b81-0cea0b7b1718",
              "parentUUID": "bf743875-3120-4b5a-9ebd-bbaf0344c1e9",
              "isHook": false,
              "skipped": false
            }
          ],
          "suites": [],
          "passes": [
            "b779795d-f2c7-4e0d-9b81-0cea0b7b1718"
          ],
          "failures": [
            "2c04edd6-cd3c-4e97-a8f8-9a01222167a9"
          ],
          "pending": [],
          "skipped": [],
          "duration": 6206,
          "root": false,
          "rootEmpty": false,
          "_timeout": 2000
        }
      ],
      "passes": [],
      "failures": [],
      "pending": [],
      "skipped": [],
      "duration": 0,
      "root": true,
      "rootEmpty": true,
      "_timeout": 2000
    }
  ],
  "meta": {
    "mocha": {
      "version": "7.2.0"
    },
    "mochawesome": {
      "options": {
        "quiet": false,
        "reportFilename": "mochawesome",
        "saveHtml": true,
        "saveJson": true,
        "consoleReporter": "spec",
        "useInlineDiffs": false,
        "code": true
      },
      "version": "7.1.3"
    },
    "marge": {
      "options": null,
      "version": "6.2.0"
    }
  }
}