{
  "stats": {
    "suites": 1,
    "tests": 2,
    "passes": 0,
    "pending": 0,
    "failures": 2,
    "start": "2025-07-14T08:15:20.113Z",
    "end": "2025-07-14T08:15:30.083Z",
    "duration": 9970,
    "testsRegistered": 2,
    "passPercent": 0,
    "pendingPercent": 0,
    "other": 0,
    "hasOther": false,
    "skipped": 0,
    "hasSkipped": false
  },
  "results": [
    {
      "uuid": "76081f51-18fb-4388-87c6-04fc5bc048b9",
      "title": "",
      "fullFile": "cypress\\e2e\\pickup\\schedulePickup.cy.js",
      "file": "cypress\\e2e\\pickup\\schedulePickup.cy.js",
      "beforeHooks": [],
      "afterHooks": [],
      "tests": [],
      "suites": [
        {
          "uuid": "5f170e60-da1d-4268-a039-d6e839faf336",
          "title": "Schedule Waste Pickup",
          "fullFile": "",
          "file": "",
          "beforeHooks": [],
          "afterHooks": [],
          "tests": [
            {
              "title": "submits valid pickup form",
              "fullTitle": "Schedule Waste Pickup submits valid pickup form",
              "timedOut": null,
              "duration": 4935,
              "state": "failed",
              "speed": null,
              "pass": false,
              "fail": true,
              "pending": false,
              "context": null,
              "code": "cy.get('input[name=\"fullName\"]').type('John Test');\ncy.get('select[name=\"location\"]').select('Nairobi');\ncy.get('select[name=\"wasteType\"]').select('General Waste');\ncy.get('input[name=\"preferredDate\"]').type('2025-07-20');\ncy.get('form').submit();\ncy.contains('Request submitted successfully').should('exist');",
              "err": {
                "message": "AssertionError: Timed out retrying after 4000ms: Expected to find element: `input[name=\"fullName\"]`, but never found it.",
                "estack": "AssertionError: Timed out retrying after 4000ms: Expected to find element: `input[name=\"fullName\"]`, but never found it.\n    at Context.eval (webpack://cleancity-waste-scheduler/./cypress/e2e/pickup/schedulePickup.cy.js:8:7)",
                "diff": null
              },
              "uuid": "3a65a098-c545-419c-a281-edbe2af38f0e",
              "parentUUID": "5f170e60-da1d-4268-a039-d6e839faf336",
              "isHook": false,
              "skipped": false
            },
            {
              "title": "shows error for invalid form submission",
              "fullTitle": "Schedule Waste Pickup shows error for invalid form submission",
              "timedOut": null,
              "duration": 4715,
              "state": "failed",
              "speed": null,
              "pass": false,
              "fail": true,
              "pending": false,
              "context": null,
              "code": "cy.get('form').submit();\ncy.get('#name-error').should('contain', 'Full name is required');",
              "err": {
                "message": "AssertionError: Timed out retrying after 4000ms: Expected to find element: `#name-error`, but never found it.",
                "estack": "AssertionError: Timed out retrying after 4000ms: Expected to find element: `#name-error`, but never found it.\n    at Context.eval (webpack://cleancity-waste-scheduler/./cypress/e2e/pickup/schedulePickup.cy.js:18:26)",
                "diff": null
              },
              "uuid": "348d5382-4b8e-4a18-8f3b-2ee1d7abd5ad",
              "parentUUID": "5f170e60-da1d-4268-a039-d6e839faf336",
              "isHook": false,
              "skipped": false
            }
          ],
          "suites": [],
          "passes": [],
          "failures": [
            "3a65a098-c545-419c-a281-edbe2af38f0e",
            "348d5382-4b8e-4a18-8f3b-2ee1d7abd5ad"
          ],
          "pending": [],
          "skipped": [],
          "duration": 9650,
          "root": false,
          "rootEmpty": false,
          "_timeout": 2000
        }
      ],
      "passes": [],
      "failures": [],
      "pending": [],
      "skipped": [],
      "duration": 0,
      "root": true,
      "rootEmpty": true,
      "_timeout": 2000
    }
  ],
  "meta": {
    "mocha": {
      "version": "7.2.0"
    },
    "mochawesome": {
      "options": {
        "quiet": false,
        "reportFilename": "mochawesome",
        "saveHtml": true,
        "saveJson": true,
        "consoleReporter": "spec",
        "useInlineDiffs": false,
        "code": true
      },
      "version": "7.1.3"
    },
    "marge": {
      "options": null,
      "version": "6.2.0"
    }
  }
}