{
  "stats": {
    "suites": 1,
    "tests": 2,
    "passes": 1,
    "pending": 0,
    "failures": 1,
    "start": "2025-07-16T10:33:10.409Z",
    "end": "2025-07-16T10:33:18.899Z",
    "duration": 8490,
    "testsRegistered": 2,
    "passPercent": 50,
    "pendingPercent": 0,
    "other": 0,
    "hasOther": false,
    "skipped": 0,
    "hasSkipped": false
  },
  "results": [
    {
      "uuid": "3ac3041a-ef86-4805-be5d-2176eeded8d1",
      "title": "",
      "fullFile": "cypress\\e2e\\profile\\profileAuth.cy.js",
      "file": "cypress\\e2e\\profile\\profileAuth.cy.js",
      "beforeHooks": [],
      "afterHooks": [],
      "tests": [],
      "suites": [
        {
          "uuid": "a6558a4b-4c91-4760-ab7f-f0c0a9b87358",
          "title": "Profile auth guard",
          "fullFile": "",
          "file": "",
          "beforeHooks": [],
          "afterHooks": [],
          "tests": [
            {
              "title": "redirects unauthenticated user to login",
              "fullTitle": "Profile auth guard redirects unauthenticated user to login",
              "timedOut": null,
              "duration": 6110,
              "state": "failed",
              "speed": null,
              "pass": false,
              "fail": true,
              "pending": false,
              "context": null,
              "code": "cy.window().then(win => {\n  win.localStorage.removeItem('ccUser');\n});\ncy.visit('/profile');\ncy.location('pathname', {\n  timeout: 5000\n}).should('eq', '/login');",
              "err": {
                "message": "AssertionError: Timed out retrying after 5000ms: expected '/profile' to equal '/login'",
                "estack": "AssertionError: Timed out retrying after 5000ms: expected '/profile' to equal '/login'\n    at Context.eval (webpack://cleancity-waste-scheduler/./cypress/e2e/profile/profileAuth.cy.js:7:47)",
                "diff": "- '/profile'\n+ '/login'\n"
              },
              "uuid": "b781cb1a-cdb8-44b2-8604-0f3f94c575f5",
              "parentUUID": "a6558a4b-4c91-4760-ab7f-f0c0a9b87358",
              "isHook": false,
              "skipped": false
            },
            {
              "title": "shows profile info after loginAsUser helper",
              "fullTitle": "Profile auth guard shows profile info after loginAsUser helper",
              "timedOut": null,
              "duration": 580,
              "state": "passed",
              "speed": "fast",
              "pass": true,
              "fail": false,
              "pending": false,
              "context": null,
              "code": "cy.loginAsUser();\ncy.visit('/profile');\ncy.contains('Demo User').should('exist');",
              "err": {},
              "uuid": "eac17438-16fc-48d0-85a8-a703e02d59ec",
              "parentUUID": "a6558a4b-4c91-4760-ab7f-f0c0a9b87358",
              "isHook": false,
              "skipped": false
            }
          ],
          "suites": [],
          "passes": [
            "eac17438-16fc-48d0-85a8-a703e02d59ec"
          ],
          "failures": [
            "b781cb1a-cdb8-44b2-8604-0f3f94c575f5"
          ],
          "pending": [],
          "skipped": [],
          "duration": 6690,
          "root": false,
          "rootEmpty": false,
          "_timeout": 2000
        }
      ],
      "passes": [],
      "failures": [],
      "pending": [],
      "skipped": [],
      "duration": 0,
      "root": true,
      "rootEmpty": true,
      "_timeout": 2000
    }
  ],
  "meta": {
    "mocha": {
      "version": "7.2.0"
    },
    "mochawesome": {
      "options": {
        "quiet": false,
        "reportFilename": "mochawesome",
        "saveHtml": true,
        "saveJson": true,
        "consoleReporter": "spec",
        "useInlineDiffs": false,
        "code": true
      },
      "version": "7.1.3"
    },
    "marge": {
      "options": null,
      "version": "6.2.0"
    }
  }
}