{
  "stats": {
    "suites": 1,
    "tests": 2,
    "passes": 1,
    "pending": 0,
    "failures": 1,
    "start": "2025-07-16T17:26:09.665Z",
    "end": "2025-07-16T17:26:17.398Z",
    "duration": 7733,
    "testsRegistered": 2,
    "passPercent": 50,
    "pendingPercent": 0,
    "other": 0,
    "hasOther": false,
    "skipped": 0,
    "hasSkipped": false
  },
  "results": [
    {
      "uuid": "10eab083-f199-4947-890c-be9383d61ab4",
      "title": "",
      "fullFile": "cypress\\e2e\\profile\\profileAuth.cy.js",
      "file": "cypress\\e2e\\profile\\profileAuth.cy.js",
      "beforeHooks": [],
      "afterHooks": [],
      "tests": [],
      "suites": [
        {
          "uuid": "9168263b-6d7f-4354-a5b4-4f2aa85b6740",
          "title": "Profile auth guard",
          "fullFile": "",
          "file": "",
          "beforeHooks": [],
          "afterHooks": [],
          "tests": [
            {
              "title": "redirects unauthenticated user to login",
              "fullTitle": "Profile auth guard redirects unauthenticated user to login",
              "timedOut": null,
              "duration": 5967,
              "state": "failed",
              "speed": null,
              "pass": false,
              "fail": true,
              "pending": false,
              "context": null,
              "code": "cy.window().then(win => {\n  win.localStorage.removeItem('ccUser');\n});\ncy.visit('/profile');\ncy.location('pathname', {\n  timeout: 5000\n}).should('eq', '/login');",
              "err": {
                "message": "AssertionError: Timed out retrying after 5000ms: expected '/profile' to equal '/login'",
                "estack": "AssertionError: Timed out retrying after 5000ms: expected '/profile' to equal '/login'\n    at Context.eval (webpack://cleancity-waste-scheduler/./cypress/e2e/profile/profileAuth.cy.js:7:47)",
                "diff": "- '/profile'\n+ '/login'\n"
              },
              "uuid": "f412d873-4afb-4049-bbd7-1d109bd7f170",
              "parentUUID": "9168263b-6d7f-4354-a5b4-4f2aa85b6740",
              "isHook": false,
              "skipped": false
            },
            {
              "title": "shows profile info after loginAsUser helper",
              "fullTitle": "Profile auth guard shows profile info after loginAsUser helper",
              "timedOut": null,
              "duration": 221,
              "state": "passed",
              "speed": "fast",
              "pass": true,
              "fail": false,
              "pending": false,
              "context": null,
              "code": "cy.loginAsUser();\ncy.visit('/profile');\ncy.contains('Demo User').should('exist');",
              "err": {},
              "uuid": "9b7b8869-76c2-4a0e-ab0b-8a00afc0b506",
              "parentUUID": "9168263b-6d7f-4354-a5b4-4f2aa85b6740",
              "isHook": false,
              "skipped": false
            }
          ],
          "suites": [],
          "passes": [
            "9b7b8869-76c2-4a0e-ab0b-8a00afc0b506"
          ],
          "failures": [
            "f412d873-4afb-4049-bbd7-1d109bd7f170"
          ],
          "pending": [],
          "skipped": [],
          "duration": 6188,
          "root": false,
          "rootEmpty": false,
          "_timeout": 2000
        }
      ],
      "passes": [],
      "failures": [],
      "pending": [],
      "skipped": [],
      "duration": 0,
      "root": true,
      "rootEmpty": true,
      "_timeout": 2000
    }
  ],
  "meta": {
    "mocha": {
      "version": "7.2.0"
    },
    "mochawesome": {
      "options": {
        "quiet": false,
        "reportFilename": "mochawesome",
        "saveHtml": true,
        "saveJson": true,
        "consoleReporter": "spec",
        "useInlineDiffs": false,
        "code": true
      },
      "version": "7.1.3"
    },
    "marge": {
      "options": null,
      "version": "6.2.0"
    }
  }
}